<?xml version="1.0" encoding="UTF-8"?>
<coverage generated="1761409086031" clover="3.2.0">
  <project timestamp="1761409086031" name="All files">
    <metrics statements="16" coveredstatements="16" conditionals="12" coveredconditionals="12" methods="3" coveredmethods="3" elements="31" coveredelements="31" complexity="0" loc="16" ncloc="16" packages="1" files="2" classes="2"/>
    <file name="App.js" path="C:\Users\Edwin\Documents\CENFOTEC\Final\frontend\src\App.js">
      <metrics statements="13" coveredstatements="13" conditionals="12" coveredconditionals="12" methods="3" coveredmethods="3"/>
      <line num="5" count="33" type="stmt"/>
      <line num="6" count="33" type="stmt"/>
      <line num="8" count="33" type="stmt"/>
      <line num="9" count="10" type="stmt"/>
      <line num="10" count="10" type="stmt"/>
      <line num="12" count="10" type="stmt"/>
      <line num="13" count="8" type="cond" truecount="2" falsecount="0"/>
      <line num="14" count="5" type="stmt"/>
      <line num="16" count="3" type="stmt"/>
      <line num="19" count="2" type="stmt"/>
      <line num="21" count="10" type="stmt"/>
      <line num="25" count="33" type="stmt"/>
      <line num="38" count="3" type="stmt"/>
    </file>
    <file name="index.js" path="C:\Users\Edwin\Documents\CENFOTEC\Final\frontend\src\index.js">
      <metrics statements="3" coveredstatements="3" conditionals="0" coveredconditionals="0" methods="0" coveredmethods="0"/>
      <line num="7" count="3" type="stmt"/>
      <line num="8" count="3" type="stmt"/>
      <line num="17" count="3" type="stmt"/>
    </file>
  </project>
</coverage>
