<?xml version="1.0" encoding="UTF-8"?>
<coverage generated="1761521780470" clover="3.2.0">
  <project timestamp="1761521780470" name="All files">
    <metrics statements="12" coveredstatements="12" conditionals="14" coveredconditionals="14" methods="3" coveredmethods="3" elements="29" coveredelements="29" complexity="0" loc="12" ncloc="12" packages="1" files="2" classes="2"/>
    <file name="App.css" path="C:\Users\Edwin\Documents\CENFOTEC\Final\frontend\src\App.css">
      <metrics statements="0" coveredstatements="0" conditionals="0" coveredconditionals="0" methods="0" coveredmethods="0"/>
    </file>
    <file name="App.jsx" path="C:\Users\Edwin\Documents\CENFOTEC\Final\frontend\src\App.jsx">
      <metrics statements="12" coveredstatements="12" conditionals="14" coveredconditionals="14" methods="3" coveredmethods="3"/>
      <line num="5" count="18" type="stmt"/>
      <line num="6" count="18" type="stmt"/>
      <line num="8" count="18" type="stmt"/>
      <line num="9" count="5" type="stmt"/>
      <line num="10" count="5" type="stmt"/>
      <line num="12" count="5" type="cond" truecount="2" falsecount="0"/>
      <line num="13" count="5" type="stmt"/>
      <line num="14" count="4" type="cond" truecount="2" falsecount="0"/>
      <line num="16" count="1" type="stmt"/>
      <line num="18" count="5" type="stmt"/>
      <line num="22" count="18" type="stmt"/>
      <line num="41" count="1" type="stmt"/>
    </file>
  </project>
</coverage>
