{"C:\\Users\\Edwin\\Documents\\CENFOTEC\\Final\\frontend\\src\\App.css": {"path":"C:\\Users\\Edwin\\Documents\\CENFOTEC\\Final\\frontend\\src\\App.css","statementMap":{},"fnMap":{},"branchMap":{},"s":{},"f":{},"b":{},"meta":{"lastBranch":0,"lastFunction":0,"lastStatement":0,"seen":{}}}
,"C:\\Users\\Edwin\\Documents\\CENFOTEC\\Final\\frontend\\src\\App.jsx": {"path":"C:\\Users\\Edwin\\Documents\\CENFOTEC\\Final\\frontend\\src\\App.jsx","statementMap":{"0":{"start":{"line":5,"column":26},"end":{"line":5,"column":null}},"1":{"start":{"line":6,"column":28},"end":{"line":6,"column":null}},"2":{"start":{"line":8,"column":22},"end":{"line":20,"column":null}},"3":{"start":{"line":9,"column":4},"end":{"line":9,"column":null}},"4":{"start":{"line":10,"column":4},"end":{"line":19,"column":null}},"5":{"start":{"line":12,"column":25},"end":{"line":12,"column":null}},"6":{"start":{"line":13,"column":23},"end":{"line":13,"column":null}},"7":{"start":{"line":14,"column":6},"end":{"line":14,"column":null}},"8":{"start":{"line":16,"column":6},"end":{"line":16,"column":null}},"9":{"start":{"line":18,"column":6},"end":{"line":18,"column":null}},"10":{"start":{"line":22,"column":2},"end":{"line":44,"column":null}},"11":{"start":{"line":41,"column":33},"end":{"line":41,"column":50}}},"fnMap":{"0":{"name":"App","decl":{"start":{"line":4,"column":9},"end":{"line":4,"column":15}},"loc":{"start":{"line":4,"column":15},"end":{"line":46,"column":null}},"line":4},"1":{"name":"(anonymous_1)","decl":{"start":{"line":8,"column":22},"end":{"line":8,"column":34}},"loc":{"start":{"line":8,"column":34},"end":{"line":20,"column":null}},"line":8},"2":{"name":"(anonymous_2)","decl":{"start":{"line":41,"column":27},"end":{"line":41,"column":33}},"loc":{"start":{"line":41,"column":33},"end":{"line":41,"column":50}},"line":41}},"branchMap":{"0":{"loc":{"start":{"line":12,"column":25},"end":{"line":12,"column":null}},"type":"binary-expr","locations":[{"start":{"line":12,"column":25},"end":{"line":12,"column":57}},{"start":{"line":12,"column":57},"end":{"line":12,"column":null}}],"line":12},"1":{"loc":{"start":{"line":14,"column":16},"end":{"line":14,"column":44}},"type":"cond-expr","locations":[{"start":{"line":14,"column":30},"end":{"line":14,"column":37}},{"start":{"line":14,"column":37},"end":{"line":14,"column":44}}],"line":14},"2":{"loc":{"start":{"line":24,"column":7},"end":{"line":42,"column":null}},"type":"cond-expr","locations":[{"start":{"line":25,"column":8},"end":{"line":30,"column":null}},{"start":{"line":32,"column":8},"end":{"line":42,"column":null}}],"line":24},"3":{"loc":{"start":{"line":28,"column":13},"end":{"line":28,"column":null}},"type":"cond-expr","locations":[{"start":{"line":28,"column":23},"end":{"line":28,"column":39}},{"start":{"line":28,"column":39},"end":{"line":28,"column":null}}],"line":28},"4":{"loc":{"start":{"line":32,"column":41},"end":{"line":32,"column":74}},"type":"cond-expr","locations":[{"start":{"line":32,"column":59},"end":{"line":32,"column":69}},{"start":{"line":32,"column":69},"end":{"line":32,"column":74}}],"line":32},"5":{"loc":{"start":{"line":34,"column":13},"end":{"line":34,"column":null}},"type":"cond-expr","locations":[{"start":{"line":34,"column":31},"end":{"line":34,"column":54}},{"start":{"line":34,"column":54},"end":{"line":34,"column":null}}],"line":34},"6":{"loc":{"start":{"line":37,"column":13},"end":{"line":39,"column":null}},"type":"cond-expr","locations":[{"start":{"line":38,"column":16},"end":{"line":38,"column":null}},{"start":{"line":39,"column":16},"end":{"line":39,"column":null}}],"line":37}},"s":{"0":18,"1":18,"2":18,"3":5,"4":5,"5":5,"6":5,"7":4,"8":1,"9":5,"10":18,"11":1},"f":{"0":18,"1":5,"2":1},"b":{"0":[5,5],"1":[3,1],"2":[13,5],"3":[5,8],"4":[3,2],"5":[3,2],"6":[3,2]},"meta":{"lastBranch":7,"lastFunction":3,"lastStatement":12,"seen":{"f:4:9:4:15":0,"s:5:26:5:Infinity":0,"s:6:28:6:Infinity":1,"s:8:22:20:Infinity":2,"f:8:22:8:34":1,"s:9:4:9:Infinity":3,"s:10:4:19:Infinity":4,"s:12:25:12:Infinity":5,"b:12:25:12:57:12:57:12:Infinity":0,"s:13:23:13:Infinity":6,"s:14:6:14:Infinity":7,"b:14:30:14:37:14:37:14:44":1,"s:16:6:16:Infinity":8,"s:18:6:18:Infinity":9,"s:22:2:44:Infinity":10,"b:25:8:30:Infinity:32:8:42:Infinity":2,"b:28:23:28:39:28:39:28:Infinity":3,"b:32:59:32:69:32:69:32:74":4,"b:34:31:34:54:34:54:34:Infinity":5,"b:38:16:38:Infinity:39:16:39:Infinity":6,"f:41:27:41:33":2,"s:41:33:41:50":11}}}
}
