{"C:\\Users\\Edwin\\Documents\\CENFOTEC\\Final\\frontend\\src\\App.js": {"path":"C:\\Users\\Edwin\\Documents\\CENFOTEC\\Final\\frontend\\src\\App.js","statementMap":{"0":{"start":{"line":5,"column":30},"end":{"line":5,"column":44}},"1":{"start":{"line":6,"column":32},"end":{"line":6,"column":47}},"2":{"start":{"line":8,"column":22},"end":{"line":23,"column":3}},"3":{"start":{"line":9,"column":4},"end":{"line":9,"column":21}},"4":{"start":{"line":10,"column":4},"end":{"line":22,"column":5}},"5":{"start":{"line":12,"column":23},"end":{"line":12,"column":64}},"6":{"start":{"line":13,"column":6},"end":{"line":17,"column":7}},"7":{"start":{"line":14,"column":8},"end":{"line":14,"column":24}},"8":{"start":{"line":16,"column":8},"end":{"line":16,"column":27}},"9":{"start":{"line":19,"column":6},"end":{"line":19,"column":25}},"10":{"start":{"line":21,"column":6},"end":{"line":21,"column":24}},"11":{"start":{"line":25,"column":2},"end":{"line":42,"column":4}},"12":{"start":{"line":38,"column":33},"end":{"line":38,"column":48}}},"fnMap":{"0":{"name":"App","decl":{"start":{"line":4,"column":9},"end":{"line":4,"column":12}},"loc":{"start":{"line":4,"column":15},"end":{"line":43,"column":1}},"line":4},"1":{"name":"(anonymous_1)","decl":{"start":{"line":8,"column":22},"end":{"line":8,"column":23}},"loc":{"start":{"line":8,"column":34},"end":{"line":23,"column":3}},"line":8},"2":{"name":"(anonymous_2)","decl":{"start":{"line":38,"column":27},"end":{"line":38,"column":28}},"loc":{"start":{"line":38,"column":33},"end":{"line":38,"column":48}},"line":38}},"branchMap":{"0":{"loc":{"start":{"line":13,"column":6},"end":{"line":17,"column":7}},"type":"if","locations":[{"start":{"line":13,"column":6},"end":{"line":17,"column":7}},{"start":{"line":15,"column":13},"end":{"line":17,"column":7}}],"line":13},"1":{"loc":{"start":{"line":27,"column":7},"end":{"line":40,"column":7}},"type":"cond-expr","locations":[{"start":{"line":28,"column":8},"end":{"line":33,"column":14}},{"start":{"line":35,"column":8},"end":{"line":39,"column":14}}],"line":27},"2":{"loc":{"start":{"line":31,"column":13},"end":{"line":31,"column":53}},"type":"cond-expr","locations":[{"start":{"line":31,"column":23},"end":{"line":31,"column":36}},{"start":{"line":31,"column":39},"end":{"line":31,"column":53}}],"line":31},"3":{"loc":{"start":{"line":35,"column":41},"end":{"line":35,"column":74}},"type":"cond-expr","locations":[{"start":{"line":35,"column":59},"end":{"line":35,"column":66}},{"start":{"line":35,"column":69},"end":{"line":35,"column":74}}],"line":35},"4":{"loc":{"start":{"line":36,"column":15},"end":{"line":36,"column":77}},"type":"cond-expr","locations":[{"start":{"line":36,"column":33},"end":{"line":36,"column":53}},{"start":{"line":36,"column":56},"end":{"line":36,"column":77}}],"line":36},"5":{"loc":{"start":{"line":37,"column":14},"end":{"line":37,"column":81}},"type":"cond-expr","locations":[{"start":{"line":37,"column":32},"end":{"line":37,"column":57}},{"start":{"line":37,"column":60},"end":{"line":37,"column":81}}],"line":37}},"s":{"0":33,"1":33,"2":33,"3":10,"4":10,"5":10,"6":8,"7":5,"8":3,"9":2,"10":10,"11":33,"12":3},"f":{"0":33,"1":10,"2":3},"b":{"0":[5,3],"1":[24,9],"2":[10,14],"3":[4,5],"4":[4,5],"5":[4,5]},"_coverageSchema":"1a1c01bbd47fc00a2c39e90264f33305004495a9","hash":"d862fd78d42eb3ff2071c9616110a0a43eeebda1"}
,"C:\\Users\\Edwin\\Documents\\CENFOTEC\\Final\\frontend\\src\\index.js": {"path":"C:\\Users\\Edwin\\Documents\\CENFOTEC\\Final\\frontend\\src\\index.js","statementMap":{"0":{"start":{"line":7,"column":13},"end":{"line":7,"column":65}},"1":{"start":{"line":8,"column":0},"end":{"line":12,"column":2}},"2":{"start":{"line":17,"column":0},"end":{"line":17,"column":18}}},"fnMap":{},"branchMap":{},"s":{"0":3,"1":3,"2":3},"f":{},"b":{},"_coverageSchema":"1a1c01bbd47fc00a2c39e90264f33305004495a9","hash":"f7148283753f57cf31d9bcdde77f71a00ec2e9d9"}
}
