TN:
SF:src\App.js
FN:4,App
FN:8,(anonymous_1)
FN:38,(anonymous_2)
FNF:3
FNH:3
FNDA:33,App
FNDA:10,(anonymous_1)
FNDA:3,(anonymous_2)
DA:5,33
DA:6,33
DA:8,33
DA:9,10
DA:10,10
DA:12,10
DA:13,8
DA:14,5
DA:16,3
DA:19,2
DA:21,10
DA:25,33
DA:38,3
LF:13
LH:13
BRDA:13,0,0,5
BRDA:13,0,1,3
BRDA:27,1,0,24
BRDA:27,1,1,9
BRDA:31,2,0,10
BRDA:31,2,1,14
BRDA:35,3,0,4
BRDA:35,3,1,5
BRDA:36,4,0,4
BRDA:36,4,1,5
BRDA:37,5,0,4
BRDA:37,5,1,5
BRF:12
BRH:12
end_of_record
TN:
SF:src\index.js
FNF:0
FNH:0
DA:7,3
DA:8,3
DA:17,3
LF:3
LH:3
BRF:0
BRH:0
end_of_record
